<?xml version="1.0" encoding="UTF-8"?>
<testsuite xmlns:xsi="http://www.w3.org/2001/XMLSchema-instance" xsi:noNamespaceSchemaLocation="https://maven.apache.org/surefire/maven-surefire-plugin/xsd/surefire-test-report.xsd" version="3.0.2" name="kp.resource.server.controllers.PolicyEnforcerTest" time="5.312" tests="20" errors="0" skipped="0" failures="0">
  <properties>
[...]
</properties>
  <testcase name="shouldNotGetDocument(String, String)[1]" classname="kp.resource.server.controllers.PolicyEnforcerTest" time="1.783">
    <system-out><![CDATA[2025-05-07 14:49:06,776 INFO  [io.quarkus] (main) Study24-resource-server-rest 1.0.0-SNAPSHOT on JVM (powered by Quarkus 3.22.0) started in 4.195s. Listening on: http://localhost:8081
2025-05-07 14:49:06,778 INFO  [io.quarkus] (main) Profile test activated. 
2025-05-07 14:49:06,778 INFO  [io.quarkus] (main) Installed features: [cdi, compose, keycloak-authorization, oidc, rest, rest-jackson, security, smallrye-context-propagation, vertx]
2025-05-07 14:49:08,697 INFO  [org.key.ada.aut.PathConfigMatcher] (vert.x-eventloop-thread-2) No path provided in configuration.
2025-05-07 14:49:08,697 INFO  [org.key.ada.aut.PathConfigMatcher] (vert.x-eventloop-thread-2) Querying the server for all resources associated with this application.
2025-05-07 14:49:08,905 INFO  [kp.res.ser.con.PolicyEnforcerTest] (main) shouldNotGetDocument(): classificationLevel[restricted], username[david]
]]></system-out>
  </testcase>
  <testcase name="shouldNotGetDocument(String, String)[2]" classname="kp.resource.server.controllers.PolicyEnforcerTest" time="0.129">
    <system-out><![CDATA[2025-05-07 14:49:09,047 INFO  [kp.res.ser.con.PolicyEnforcerTest] (main) shouldNotGetDocument(): classificationLevel[confidential], username[charlie]
]]></system-out>
  </testcase>
  <testcase name="shouldNotGetDocument(String, String)[3]" classname="kp.resource.server.controllers.PolicyEnforcerTest" time="0.109">
    <system-out><![CDATA[2025-05-07 14:49:09,159 INFO  [kp.res.ser.con.PolicyEnforcerTest] (main) shouldNotGetDocument(): classificationLevel[confidential], username[david]
]]></system-out>
  </testcase>
  <testcase name="shouldNotGetDocument(String, String)[4]" classname="kp.resource.server.controllers.PolicyEnforcerTest" time="0.131">
    <system-out><![CDATA[2025-05-07 14:49:09,293 INFO  [kp.res.ser.con.PolicyEnforcerTest] (main) shouldNotGetDocument(): classificationLevel[secret], username[bob]
]]></system-out>
  </testcase>
  <testcase name="shouldNotGetDocument(String, String)[5]" classname="kp.resource.server.controllers.PolicyEnforcerTest" time="0.102">
    <system-out><![CDATA[2025-05-07 14:49:09,398 INFO  [kp.res.ser.con.PolicyEnforcerTest] (main) shouldNotGetDocument(): classificationLevel[secret], username[charlie]
]]></system-out>
  </testcase>
  <testcase name="shouldNotGetDocument(String, String)[6]" classname="kp.resource.server.controllers.PolicyEnforcerTest" time="0.102">
    <system-out><![CDATA[2025-05-07 14:49:09,502 INFO  [kp.res.ser.con.PolicyEnforcerTest] (main) shouldNotGetDocument(): classificationLevel[secret], username[david]
]]></system-out>
  </testcase>
  <testcase name="shouldGetDocument(String, String)[1]" classname="kp.resource.server.controllers.PolicyEnforcerTest" time="0.166">
    <system-out><![CDATA[2025-05-07 14:49:09,654 INFO  [kp.res.ser.con.DocumentController] (executor-thread-1) getOfficialDocument():
2025-05-07 14:49:09,685 INFO  [kp.res.ser.con.PolicyEnforcerTest] (main) shouldGetDocument(): classificationLevel[official], username[alice]
]]></system-out>
  </testcase>
  <testcase name="shouldGetDocument(String, String)[2]" classname="kp.resource.server.controllers.PolicyEnforcerTest" time="0.108">
    <system-out><![CDATA[2025-05-07 14:49:09,794 INFO  [kp.res.ser.con.DocumentController] (executor-thread-1) getOfficialDocument():
2025-05-07 14:49:09,795 INFO  [kp.res.ser.con.PolicyEnforcerTest] (main) shouldGetDocument(): classificationLevel[official], username[bob]
]]></system-out>
  </testcase>
  <testcase name="shouldGetDocument(String, String)[3]" classname="kp.resource.server.controllers.PolicyEnforcerTest" time="0.103">
    <system-out><![CDATA[2025-05-07 14:49:09,898 INFO  [kp.res.ser.con.DocumentController] (executor-thread-1) getOfficialDocument():
2025-05-07 14:49:09,900 INFO  [kp.res.ser.con.PolicyEnforcerTest] (main) shouldGetDocument(): classificationLevel[official], username[charlie]
]]></system-out>
  </testcase>
  <testcase name="shouldGetDocument(String, String)[4]" classname="kp.resource.server.controllers.PolicyEnforcerTest" time="0.097">
    <system-out><![CDATA[2025-05-07 14:49:09,997 INFO  [kp.res.ser.con.DocumentController] (executor-thread-1) getOfficialDocument():
2025-05-07 14:49:09,999 INFO  [kp.res.ser.con.PolicyEnforcerTest] (main) shouldGetDocument(): classificationLevel[official], username[david]
]]></system-out>
  </testcase>
  <testcase name="shouldGetDocument(String, String)[5]" classname="kp.resource.server.controllers.PolicyEnforcerTest" time="0.112">
    <system-out><![CDATA[2025-05-07 14:49:10,113 INFO  [kp.res.ser.con.DocumentController] (executor-thread-1) getRestrictedDocument():
2025-05-07 14:49:10,115 INFO  [kp.res.ser.con.PolicyEnforcerTest] (main) shouldGetDocument(): classificationLevel[restricted], username[alice]
]]></system-out>
  </testcase>
  <testcase name="shouldGetDocument(String, String)[6]" classname="kp.resource.server.controllers.PolicyEnforcerTest" time="0.097">
    <system-out><![CDATA[2025-05-07 14:49:10,213 INFO  [kp.res.ser.con.DocumentController] (executor-thread-1) getRestrictedDocument():
2025-05-07 14:49:10,215 INFO  [kp.res.ser.con.PolicyEnforcerTest] (main) shouldGetDocument(): classificationLevel[restricted], username[bob]
]]></system-out>
  </testcase>
  <testcase name="shouldGetDocument(String, String)[7]" classname="kp.resource.server.controllers.PolicyEnforcerTest" time="0.102">
    <system-out><![CDATA[2025-05-07 14:49:10,317 INFO  [kp.res.ser.con.DocumentController] (executor-thread-1) getRestrictedDocument():
2025-05-07 14:49:10,319 INFO  [kp.res.ser.con.PolicyEnforcerTest] (main) shouldGetDocument(): classificationLevel[restricted], username[charlie]
]]></system-out>
  </testcase>
  <testcase name="shouldGetDocument(String, String)[8]" classname="kp.resource.server.controllers.PolicyEnforcerTest" time="0.103">
    <system-out><![CDATA[2025-05-07 14:49:10,421 INFO  [kp.res.ser.con.DocumentController] (executor-thread-1) getConfidentialDocument():
2025-05-07 14:49:10,424 INFO  [kp.res.ser.con.PolicyEnforcerTest] (main) shouldGetDocument(): classificationLevel[confidential], username[alice]
]]></system-out>
  </testcase>
  <testcase name="shouldGetDocument(String, String)[9]" classname="kp.resource.server.controllers.PolicyEnforcerTest" time="0.103">
    <system-out><![CDATA[2025-05-07 14:49:10,527 INFO  [kp.res.ser.con.DocumentController] (executor-thread-1) getConfidentialDocument():
2025-05-07 14:49:10,529 INFO  [kp.res.ser.con.PolicyEnforcerTest] (main) shouldGetDocument(): classificationLevel[confidential], username[bob]
]]></system-out>
  </testcase>
  <testcase name="shouldGetDocument(String, String)[10]" classname="kp.resource.server.controllers.PolicyEnforcerTest" time="0.097">
    <system-out><![CDATA[2025-05-07 14:49:10,626 INFO  [kp.res.ser.con.DocumentController] (executor-thread-1) getSecretDocument():
2025-05-07 14:49:10,628 INFO  [kp.res.ser.con.PolicyEnforcerTest] (main) shouldGetDocument(): classificationLevel[secret], username[alice]
]]></system-out>
  </testcase>
  <testcase name="shouldNotGetDocumentWhenUnauthenticated(String)[1]" classname="kp.resource.server.controllers.PolicyEnforcerTest" time="0.016">
    <system-out><![CDATA[2025-05-07 14:49:10,647 INFO  [kp.res.ser.con.PolicyEnforcerTest] (main) shouldNotGetDocumentWhenUnauthenticated(): classificationLevel[official]
]]></system-out>
  </testcase>
  <testcase name="shouldNotGetDocumentWhenUnauthenticated(String)[2]" classname="kp.resource.server.controllers.PolicyEnforcerTest" time="0.01">
    <system-out><![CDATA[2025-05-07 14:49:10,659 INFO  [kp.res.ser.con.PolicyEnforcerTest] (main) shouldNotGetDocumentWhenUnauthenticated(): classificationLevel[restricted]
]]></system-out>
  </testcase>
  <testcase name="shouldNotGetDocumentWhenUnauthenticated(String)[3]" classname="kp.resource.server.controllers.PolicyEnforcerTest" time="0.012">
    <system-out><![CDATA[2025-05-07 14:49:10,673 INFO  [kp.res.ser.con.PolicyEnforcerTest] (main) shouldNotGetDocumentWhenUnauthenticated(): classificationLevel[confidential]
]]></system-out>
  </testcase>
  <testcase name="shouldNotGetDocumentWhenUnauthenticated(String)[4]" classname="kp.resource.server.controllers.PolicyEnforcerTest" time="0.01">
    <system-out><![CDATA[2025-05-07 14:49:10,685 INFO  [kp.res.ser.con.PolicyEnforcerTest] (main) shouldNotGetDocumentWhenUnauthenticated(): classificationLevel[secret]
]]></system-out>
  </testcase>
</testsuite>